23:52:39.750 [main] INFO  com.intuit.karate.Runner - using system property 'karate.options': --tags @MDD-24293
23:52:39.791 [main] INFO  com.intuit.karate.Runner - using system property 'karate.env': local
23:52:40.258 [main] DEBUG com.intuit.karate.Suite - [config] classpath:karate-config.js
23:52:40.723 [main] INFO  com.intuit.karate - Users:  [
  "q",
  "q",
  "q",
  "q"
]
 
23:52:40.724 [main] INFO  com.intuit.karate - Passwords:  [
  "1",
  "2",
  "3",
  "4"
]
 
23:52:40.728 [main] INFO  com.intuit.karate - OS:  mac os x 
23:52:40.747 [main] INFO  com.intuit.karate - [print] https://adactinhotelapp.com/ 
23:52:40.825 [main] ERROR com.intuit.karate - classpath:automation/tests/uiTests/6_Role_based_Testing/AR Motus roles asigned/1_30_Test_AR_Motus_User_PROD_Role_promote.feature:10
* def requestload = read('classpath:subscription.json')
js failed:
>>>>
01: read('classpath:subscription.json')
<<<<
org.graalvm.polyglot.PolyglotException: not found: subscription.json
- com.intuit.karate.resource.ResourceUtils.getResource(ResourceUtils.java:126)
- com.intuit.karate.core.ScenarioFileReader.toResource(ScenarioFileReader.java:129)
- com.intuit.karate.core.ScenarioFileReader.readFileAsStream(ScenarioFileReader.java:99)
- com.intuit.karate.core.ScenarioFileReader.readFileAsString(ScenarioFileReader.java:95)
- com.intuit.karate.core.ScenarioFileReader.readFile(ScenarioFileReader.java:54)
- com.intuit.karate.core.ScenarioEngine.lambda$new$0(ScenarioEngine.java:124)
- <js>.:program(Unnamed:1)

classpath:automation/tests/uiTests/6_Role_based_Testing/AR Motus roles asigned/1_30_Test_AR_Motus_User_PROD_Role_promote.feature:10
23:52:41.260 [main] INFO  com.intuit.karate.Suite - <<fail>> feature 5 of 5 (0 remaining) classpath:automation/tests/uiTests/6_Role_based_Testing/AR Motus roles asigned/1_30_Test_AR_Motus_User_PROD_Role_promote.feature
23:52:41.261 [main] DEBUG com.intuit.karate.Suite - waiting for 5 features to complete
23:52:41.364 [main] INFO  n.m.cucumber.ReportParser - File '/Users/itumelengmothibi/IdeaProjects/testautomation/target/karate-reports/automation.tests.uiTests.6_Role_based_Testing.AR Motus roles asigned.1_30_Test_AR_Motus_User_PROD_Role_promote.json' contains 1 feature(s)
